[2025-07-16 12:59:44] === Starting Build Process ===
[2025-07-16 12:59:44] Installing root dependencies...
[2025-07-16 12:59:45] Building packages...
[2025-07-16 12:59:45] Building package: mr-basic
[2025-07-16 12:59:45]   Installing dependencies...
[2025-07-16 12:59:47]   Running build...
[2025-07-16 12:59:49] Building package: mr-slider
[2025-07-16 12:59:49]   Installing dependencies...
[2025-07-16 12:59:50]   Running build...
[2025-07-16 12:59:51] Building package: mr-style
[2025-07-16 12:59:51]   Installing dependencies...
[2025-07-16 12:59:53] Building package: mr-style-cli
[2025-07-16 12:59:53]   Installing dependencies...
[2025-07-16 12:59:54]   Running build...
[2025-07-16 12:59:55] Building apps...
[2025-07-16 12:59:55] Building app: basic-demo
[2025-07-16 12:59:55]   Installing dependencies...
[2025-07-16 12:59:56] Building app: basic-slider-demo
[2025-07-16 12:59:56]   Installing dependencies...
[2025-07-16 12:59:58]   Running build...
[2025-07-16 12:59:59] === Build completed successfully ===
