
> basic-slider-demo@0.1.0 build
> vite build

node:internal/modules/cjs/loader:1404
  throw err;
  ^

Error: Cannot find module 'C:\Users\danha\source\repos\Web\Canvas\Basic\NewFunckingTry\node_modules\vite\bin\vite.js'
    at Function._resolveFilename (node:internal/modules/cjs/loader:1401:15)
    at defaultResolveImpl (node:internal/modules/cjs/loader:1057:19)
    at resolveForCJSWithHooks (node:internal/modules/cjs/loader:1062:22)
    at Function._load (node:internal/modules/cjs/loader:1211:37)
    at TracingChannel.traceSync (node:diagnostics_channel:322:14)
    at wrapModuleLoad (node:internal/modules/cjs/loader:235:24)
    at Function.executeUserEntryPoint [as runMain] (node:internal/modules/run_main:171:5)
    at node:internal/main/run_main_module:36:49 {
  code: 'MODULE_NOT_FOUND',
  requireStack: []
}

Node.js v22.17.0
npm error Lifecycle script `build` failed with error:
npm error code 1
npm error path C:\Users\danha\source\repos\Web\Canvas\Basic\NewFunckingTry\apps\basic-slider-demo
npm error workspace basic-slider-demo@0.1.0
npm error location C:\Users\danha\source\repos\Web\Canvas\Basic\NewFunckingTry\apps\basic-slider-demo
npm error command failed
npm error command C:\WINDOWS\system32\cmd.exe /d /s /c vite build
