
> mr-slider@0.1.0 build
> tsc

node:internal/modules/cjs/loader:1404
  throw err;
  ^

Error: Cannot find module '../lib/tsc.js'
Require stack:
- C:\Users\danha\source\repos\Web\Canvas\Basic\NewFunckingTry\node_modules\typescript\bin\tsc
    at Function._resolveFilename (node:internal/modules/cjs/loader:1401:15)
    at defaultResolveImpl (node:internal/modules/cjs/loader:1057:19)
    at resolveForCJSWithHooks (node:internal/modules/cjs/loader:1062:22)
    at Function._load (node:internal/modules/cjs/loader:1211:37)
    at TracingChannel.traceSync (node:diagnostics_channel:322:14)
    at wrapModuleLoad (node:internal/modules/cjs/loader:235:24)
    at Module.require (node:internal/modules/cjs/loader:1487:12)
    at require (node:internal/modules/helpers:135:16)
    at Object.<anonymous> (C:\Users\danha\source\repos\Web\Canvas\Basic\NewFunckingTry\node_modules\typescript\bin\tsc:2:1)
    at Module._compile (node:internal/modules/cjs/loader:1730:14) {
  code: 'MODULE_NOT_FOUND',
  requireStack: [
    'C:\\Users\\danha\\source\\repos\\Web\\Canvas\\Basic\\NewFunckingTry\\node_modules\\typescript\\bin\\tsc'
  ]
}

Node.js v22.17.0
npm error Lifecycle script `build` failed with error:
npm error code 1
npm error path C:\Users\danha\source\repos\Web\Canvas\Basic\NewFunckingTry\packages\mr-slider
npm error workspace mr-slider@0.1.0
npm error location C:\Users\danha\source\repos\Web\Canvas\Basic\NewFunckingTry\packages\mr-slider
npm error command failed
npm error command C:\WINDOWS\system32\cmd.exe /d /s /c tsc
