[2025-07-16 12:57:27] [INFO] === Starting Build Process ===
[2025-07-16 12:57:27] [INFO] Root directory: C:\Users\danha\source\repos\Web\Canvas\Basic\NewFunckingTry
[2025-07-16 12:57:27] [INFO] Installing root dependencies...
[2025-07-16 12:57:28] [INFO] [NPM] 
[2025-07-16 12:57:28] [INFO] [NPM] changed 2 packages, and audited 450 packages in 1s
[2025-07-16 12:57:28] [INFO] [NPM] 
[2025-07-16 12:57:28] [INFO] [NPM] 95 packages are looking for funding
[2025-07-16 12:57:28] [INFO] [NPM]   run `npm fund` for details
[2025-07-16 12:57:28] [INFO] [NPM] 
[2025-07-16 12:57:28] [INFO] [NPM] 4 moderate severity vulnerabilities
[2025-07-16 12:57:28] [INFO] [NPM] 
[2025-07-16 12:57:28] [INFO] [NPM] To address all issues (including breaking changes), run:
[2025-07-16 12:57:28] [INFO] [NPM]   npm audit fix --force
[2025-07-16 12:57:28] [INFO] [NPM] 
[2025-07-16 12:57:28] [INFO] [NPM] Run `npm audit` for details.
[2025-07-16 12:57:28] [INFO] Found 5 packages/apps to process
[2025-07-16 12:57:28] [INFO] 
Processing mr-basic at C:\Users\danha\source\repos\Web\Canvas\Basic\NewFunckingTry\packages\mr-basic
[2025-07-16 12:57:28] [INFO]   Package: mr-basic@0.1.0
[2025-07-16 12:57:28] [INFO]   Installing dependencies...
[2025-07-16 12:57:30] [INFO]   [NPM] 
[2025-07-16 12:57:30] [INFO]   [NPM] up to date, audited 450 packages in 1s
[2025-07-16 12:57:30] [INFO]   [NPM] 
[2025-07-16 12:57:30] [INFO]   [NPM] 95 packages are looking for funding
[2025-07-16 12:57:30] [INFO]   [NPM]   run `npm fund` for details
[2025-07-16 12:57:30] [INFO]   [NPM] 
[2025-07-16 12:57:30] [INFO]   [NPM] found 0 vulnerabilities
[2025-07-16 12:57:30] [INFO]   Running build...
[2025-07-16 12:57:30] [INFO]   [BUILD] 
[2025-07-16 12:57:30] [INFO]   [BUILD] > mr-basic@0.1.0 build
[2025-07-16 12:57:30] [INFO]   [BUILD] > tsc
[2025-07-16 12:57:30] [INFO]   [BUILD] 
[2025-07-16 12:57:31] [INFO]   mr-basic processed successfully
[2025-07-16 12:57:31] [INFO] 
Processing mr-slider at C:\Users\danha\source\repos\Web\Canvas\Basic\NewFunckingTry\packages\mr-slider
[2025-07-16 12:57:31] [INFO]   Package: mr-slider@0.1.0
[2025-07-16 12:57:31] [INFO]   Installing dependencies...
[2025-07-16 12:57:33] [INFO]   [NPM] 
[2025-07-16 12:57:33] [INFO]   [NPM] up to date, audited 450 packages in 1s
[2025-07-16 12:57:33] [INFO]   [NPM] 
[2025-07-16 12:57:33] [INFO]   [NPM] 95 packages are looking for funding
[2025-07-16 12:57:33] [INFO]   [NPM]   run `npm fund` for details
[2025-07-16 12:57:33] [INFO]   [NPM] 
[2025-07-16 12:57:33] [INFO]   [NPM] found 0 vulnerabilities
[2025-07-16 12:57:33] [INFO]   Running build...
[2025-07-16 12:57:33] [INFO]   [BUILD] 
[2025-07-16 12:57:33] [INFO]   [BUILD] > mr-slider@0.1.0 build
[2025-07-16 12:57:33] [INFO]   [BUILD] > tsc
[2025-07-16 12:57:33] [INFO]   [BUILD] 
[2025-07-16 12:57:34] [INFO]   mr-slider processed successfully
[2025-07-16 12:57:34] [INFO] 
Processing mr-style at C:\Users\danha\source\repos\Web\Canvas\Basic\NewFunckingTry\packages\mr-style
[2025-07-16 12:57:34] [INFO]   Package: mr-style@0.2.0
[2025-07-16 12:57:34] [INFO]   Installing dependencies...
[2025-07-16 12:57:35] [INFO]   [NPM] 
[2025-07-16 12:57:35] [INFO]   [NPM] changed 1 package, and audited 450 packages in 1s
[2025-07-16 12:57:35] [INFO]   [NPM] 
[2025-07-16 12:57:35] [INFO]   [NPM] 95 packages are looking for funding
[2025-07-16 12:57:35] [INFO]   [NPM]   run `npm fund` for details
[2025-07-16 12:57:35] [INFO]   [NPM] 
[2025-07-16 12:57:35] [INFO]   [NPM] found 0 vulnerabilities
[2025-07-16 12:57:35] [WARN]   No build script found, skipping build
[2025-07-16 12:57:35] [INFO]   mr-style processed successfully
[2025-07-16 12:57:35] [INFO] 
Processing mr-style-cli at C:\Users\danha\source\repos\Web\Canvas\Basic\NewFunckingTry\packages\mr-style-cli
[2025-07-16 12:57:35] [INFO]   Package: mr-style-cli@0.1.0
[2025-07-16 12:57:35] [INFO]   Installing dependencies...
[2025-07-16 12:57:37] [INFO]   [NPM] 
[2025-07-16 12:57:37] [INFO]   [NPM] changed 2 packages, and audited 450 packages in 1s
[2025-07-16 12:57:37] [INFO]   [NPM] 
[2025-07-16 12:57:37] [INFO]   [NPM] 95 packages are looking for funding
[2025-07-16 12:57:37] [INFO]   [NPM]   run `npm fund` for details
[2025-07-16 12:57:37] [INFO]   [NPM] 
[2025-07-16 12:57:37] [INFO]   [NPM] found 0 vulnerabilities
[2025-07-16 12:57:37] [INFO]   Running build...
[2025-07-16 12:57:37] [INFO]   [BUILD] 
[2025-07-16 12:57:37] [INFO]   [BUILD] > mr-style-cli@0.1.0 build
[2025-07-16 12:57:37] [INFO]   [BUILD] > ts-node --esm --experimental-specifier-resolution=node scripts/build.ts
[2025-07-16 12:57:37] [INFO]   [BUILD] 
[2025-07-16 12:57:37] [ERROR]   Error processing mr-style-cli : <anonymous_script>:1
[2025-07-16 12:57:37] [ERROR] at <ScriptBlock>, C:\Users\danha\AppData\Roaming\npm\npm.ps1: line 24
at <ScriptBlock>, C:\Users\danha\source\repos\Web\Canvas\Basic\NewFunckingTry\scripts\debug-build.ps1: line 89
[2025-07-16 12:57:37] [ERROR] 
=== BUILD FAILED ===
[2025-07-16 12:57:37] [ERROR] Error: <anonymous_script>:1
[2025-07-16 12:57:37] [ERROR] at <ScriptBlock>, C:\Users\danha\AppData\Roaming\npm\npm.ps1: line 24
at <ScriptBlock>, C:\Users\danha\source\repos\Web\Canvas\Basic\NewFunckingTry\scripts\debug-build.ps1: line 89
